2016-11-15 20:29:28.383 DEBUG[main]com.lin.dao.UserDao.selectUserById.debug():132 -ooo Using Connection [com.mysql.jdbc.JDBC4Connection@22b4dcbd]
2016-11-15 20:29:28.389 DEBUG[main]com.lin.dao.UserDao.selectUserById.debug():132 -==>  Preparing: SELECT * FROM t_user WHERE USER_ID = ? 
2016-11-15 20:29:28.417 DEBUG[main]com.lin.dao.UserDao.selectUserById.debug():132 -==> Parameters: 10(Integer)
2016-11-15 20:29:28.458 DEBUG[main]com.lin.service.UserServiceTest.selectUserByIdTest():29 -查找结果User [userId=10, userName=apple, userPassword=uih6, userEmail=ff@qq.com]
2016-11-15 20:29:28.503 DEBUG[main]com.lin.dao.UserDao.selectUserByUserName.debug():132 -ooo Using Connection [com.mysql.jdbc.JDBC4Connection@1242f625]
2016-11-15 20:29:28.504 DEBUG[main]com.lin.dao.UserDao.selectUserByUserName.debug():132 -==>  Preparing: SELECT * FROM t_user WHERE 1 = 1 AND USER_NAME = ? ORDER BY USER_ID 
2016-11-15 20:29:28.504 DEBUG[main]com.lin.dao.UserDao.selectUserByUserName.debug():132 -==> Parameters: apple(String)
2016-11-15 20:29:28.516 DEBUG[main]com.lin.service.UserServiceTest.selectUserByUserName():35 -查找结果[User [userId=10, userName=apple, userPassword=uih6, userEmail=ff@qq.com], User [userId=11, userName=apple, userPassword=tgggg, userEmail=43qt@qq.com], User [userId=12, userName=apple, userPassword=ggg, userEmail=14e23@qq.com], User [userId=13, userName=apple, userPassword=gg, userEmail=122@qq.com], User [userId=14, userName=apple, userPassword=dsv, userEmail=34r@qq.com], User [userId=15, userName=apple, userPassword=vvfdz, userEmail=456@qq.com], User [userId=16, userName=apple, userPassword=vz, userEmail=ff@qq.com], User [userId=17, userName=apple, userPassword=zvz, userEmail=ff@qq.com], User [userId=18, userName=apple, userPassword=dvs, userEmail=ff@qq.com], User [userId=19, userName=apple, userPassword=czvcx, userEmail=ff@qq.com], User [userId=20, userName=apple, userPassword=xvzczv, userEmail=ff@qq.com], User [userId=21, userName=apple, userPassword=cz, userEmail=ff@qq.com], User [userId=22, userName=apple, userPassword=cxz, userEmail=ff@qq.com], User [userId=23, userName=apple, userPassword=czv, userEmail=ff@qq.com], User [userId=24, userName=apple, userPassword=C, userEmail=ff@qq.com], User [userId=25, userName=apple, userPassword=dfdsf, userEmail=ff@qq.com], User [userId=26, userName=apple, userPassword=vvf, userEmail=ff@qq.com], User [userId=27, userName=apple, userPassword=45, userEmail=ff@qq.com], User [userId=28, userName=apple, userPassword=5677, userEmail=ff@qq.com], User [userId=29, userName=apple, userPassword=8, userEmail=ff@qq.com], User [userId=30, userName=apple, userPassword=8, userEmail=ff@qq.com], User [userId=31, userName=apple, userPassword=0h, userEmail=ff@qq.com], User [userId=32, userName=apple, userPassword=vf, userEmail=ff@qq.com], User [userId=33, userName=apple, userPassword=sfd, userEmail=ff@qq.com], User [userId=34, userName=apple, userPassword=5yh, userEmail=ff@qq.com], User [userId=35, userName=apple, userPassword=bdf, userEmail=ff@qq.com], User [userId=36, userName=apple, userPassword=gers, userEmail=ff@qq.com], User [userId=37, userName=apple, userPassword=89, userEmail=ff@qq.com], User [userId=38, userName=apple, userPassword=5t, userEmail=ff@qq.com], User [userId=39, userName=apple, userPassword=gse, userEmail=ff@qq.com], User [userId=40, userName=apple, userPassword=gs, userEmail=ff@qq.com], User [userId=41, userName=apple, userPassword=bs, userEmail=4454@qq.com], User [userId=42, userName=apple, userPassword=fs, userEmail=3445@qq.com], User [userId=43, userName=apple, userPassword=bs, userEmail=354@qq.com], User [userId=44, userName=apple, userPassword=fsd, userEmail=567@qq.com], User [userId=45, userName=apple, userPassword=sd, userEmail=45567@qq.com], User [userId=46, userName=apple, userPassword=gs, userEmail=456@qq.com]]
2016-11-15 20:29:28.670 DEBUG[main]com.lin.dao.UserDao.selectUserByUserName_COUNT.debug():132 -ooo Using Connection [com.mysql.jdbc.JDBC4Connection@68752564]
2016-11-15 20:29:28.670 DEBUG[main]com.lin.dao.UserDao.selectUserByUserName_COUNT.debug():132 -==>  Preparing: SELECT count(*) FROM t_user WHERE 1 = 1 
2016-11-15 20:29:28.670 DEBUG[main]com.lin.dao.UserDao.selectUserByUserName_COUNT.debug():132 -==> Parameters: 
2016-11-15 20:29:28.676 DEBUG[main]com.lin.dao.UserDao.selectUserByUserName.debug():132 -ooo Using Connection [com.mysql.jdbc.JDBC4Connection@68752564]
2016-11-15 20:29:28.677 DEBUG[main]com.lin.dao.UserDao.selectUserByUserName.debug():132 -==>  Preparing: SELECT * FROM t_user WHERE 1 = 1 ORDER BY USER_ID limit ?,? 
2016-11-15 20:29:28.677 DEBUG[main]com.lin.dao.UserDao.selectUserByUserName.debug():132 -==> Parameters: 0(Integer), 10(Integer)
2016-11-15 20:29:28.683 DEBUG[main]com.lin.service.UserServiceTest.queryByPage():46 -查找结果{total:46,dataList:Page{pageNum=1, pageSize=10, startRow=0, endRow=10, total=46, pages=5, reasonable=false, pageSizeZero=true},pageNo:1,pages:5,pageSize:10}
2016-11-15 20:51:03.214 DEBUG[main]com.lin.dao.UserDao.selectUserById.debug():132 -ooo Using Connection [com.mysql.jdbc.JDBC4Connection@3b9c7702]
2016-11-15 20:51:03.220 DEBUG[main]com.lin.dao.UserDao.selectUserById.debug():132 -==>  Preparing: SELECT * FROM t_user WHERE USER_ID = ? 
2016-11-15 20:51:03.249 DEBUG[main]com.lin.dao.UserDao.selectUserById.debug():132 -==> Parameters: 10(Integer)
2016-11-15 20:51:03.269 DEBUG[main]com.lin.service.UserServiceTest.selectUserByIdTest():29 -ユ剧User [userId=10, userName=apple, userPassword=uih6, userEmail=ff@qq.com]
2016-11-15 20:51:34.987 DEBUG[main]com.lin.dao.UserDao.selectUserByUserName_COUNT.debug():132 -ooo Using Connection [com.mysql.jdbc.JDBC4Connection@3334ab64]
2016-11-15 20:51:34.993 DEBUG[main]com.lin.dao.UserDao.selectUserByUserName_COUNT.debug():132 -==>  Preparing: SELECT count(*) FROM t_user WHERE 1 = 1 
2016-11-15 20:51:35.024 DEBUG[main]com.lin.dao.UserDao.selectUserByUserName_COUNT.debug():132 -==> Parameters: 
2016-11-15 20:51:35.044 DEBUG[main]com.lin.dao.UserDao.selectUserByUserName.debug():132 -ooo Using Connection [com.mysql.jdbc.JDBC4Connection@3334ab64]
2016-11-15 20:51:35.044 DEBUG[main]com.lin.dao.UserDao.selectUserByUserName.debug():132 -==>  Preparing: SELECT * FROM t_user WHERE 1 = 1 ORDER BY USER_ID limit ?,? 
2016-11-15 20:51:35.045 DEBUG[main]com.lin.dao.UserDao.selectUserByUserName.debug():132 -==> Parameters: 0(Integer), 10(Integer)
2016-11-15 20:51:35.051 DEBUG[main]com.lin.service.UserServiceTest.queryByPage():46 -ユ剧{total:46,dataList:Page{pageNum=1, pageSize=10, startRow=0, endRow=10, total=46, pages=5, reasonable=false, pageSizeZero=true},pageNo:1,pageSize:10,pages:5}
